\BOOKMARK [0][-]{chapter.1}{Wprowadzenie}{}% 1
\BOOKMARK [0][-]{chapter.2}{Cel i zakres pracy}{}% 2
\BOOKMARK [1][-]{section.2.1}{Opis problemu}{chapter.2}% 3
\BOOKMARK [0][-]{chapter.3}{Ochrona danych osobowych}{}% 4
\BOOKMARK [1][-]{section.3.1}{Dane osobowe jako wartosc}{chapter.3}% 5
\BOOKMARK [1][-]{section.3.2}{Geneza ochrony danych osobowych}{chapter.3}% 6
\BOOKMARK [1][-]{section.3.3}{Historyczne akty prawa miedzynarodowego}{chapter.3}% 7
\BOOKMARK [1][-]{section.3.4}{Status w Polsce przed wejsciem w zycie RODO}{chapter.3}% 8
\BOOKMARK [0][-]{chapter.4}{RODO}{}% 9
\BOOKMARK [1][-]{section.4.1}{Nowe podejscie do ochrony danych osobowych}{chapter.4}% 10
\BOOKMARK [1][-]{section.4.2}{Zakres przetwarzanych informacji}{chapter.4}% 11
\BOOKMARK [1][-]{section.4.3}{Nowe obowiazki informacyjne}{chapter.4}% 12
\BOOKMARK [1][-]{section.4.4}{Uprawnienia osob, ktorych dane dotycza}{chapter.4}% 13
\BOOKMARK [1][-]{section.4.5}{Zgoda na przetwarzanie danych osobowych}{chapter.4}% 14
\BOOKMARK [1][-]{section.4.6}{Zabezpieczenia}{chapter.4}% 15
\BOOKMARK [1][-]{section.4.7}{Dokumentacja przetwarzania danych}{chapter.4}% 16
\BOOKMARK [1][-]{section.4.8}{Privacy by design i privacy by default}{chapter.4}% 17
\BOOKMARK [1][-]{section.4.9}{Ocena skutkow dla ochrony danych}{chapter.4}% 18
\BOOKMARK [1][-]{section.4.10}{Dane osobowe dzieci}{chapter.4}% 19
\BOOKMARK [1][-]{section.4.11}{Automatyczne przetwarzanie danych oparte na profilowaniu}{chapter.4}% 20
\BOOKMARK [1][-]{section.4.12}{Naruszenia ochrony danych}{chapter.4}% 21
\BOOKMARK [1][-]{section.4.13}{Inspektor danych osobowych}{chapter.4}% 22
\BOOKMARK [1][-]{section.4.14}{Transgraniczne przetwarzanie danych}{chapter.4}% 23
\BOOKMARK [1][-]{section.4.15}{Powierzenie danych}{chapter.4}% 24
\BOOKMARK [1][-]{section.4.16}{Podnoszenie wiedzy na temat ogolnego rozporzadzenia}{chapter.4}% 25
\BOOKMARK [0][-]{chapter.5}{Analiza komercyjnych rozwiazan z zakresu przetwarzania danych osobowych}{}% 26
\BOOKMARK [1][-]{section.5.1}{RSA Archer}{chapter.5}% 27
\BOOKMARK [1][-]{section.5.2}{Microsoft GDPR}{chapter.5}% 28
\BOOKMARK [1][-]{section.5.3}{SAP}{chapter.5}% 29
\BOOKMARK [0][-]{chapter.6}{Analiza prototypowego modulu wspierajacego zgodnosc z RODO}{}% 30
\BOOKMARK [1][-]{section.6.1}{Rejestr danych przetwarzania}{chapter.6}% 31
\BOOKMARK [1][-]{section.6.2}{...}{chapter.6}% 32
\BOOKMARK [0][-]{chapter.7}{Wnioski}{}% 33
\BOOKMARK [0][-]{chapter.8}{Podsumowanie}{}% 34
